<?xml version="1.0" encoding="UTF-8"?>
<!-- Generated by org.testng.reporters.JUnitReportReporter -->
<testsuite hostname="ad-PC" name="com.wellsfargo.test.HomeLendingTests" tests="2" failures="0" timestamp="28 Mar 2014 03:21:15 GMT" time="5.581" errors="0">
  <testcase name="testHomePage" time="0.058" classname="com.wellsfargo.test.HomeLendingTests"/>
  <testcase name="testHomeLending" time="5.523" classname="com.wellsfargo.test.HomeLendingTests"/>
</testsuite> <!-- com.wellsfargo.test.HomeLendingTests -->
